Using pre-set license
Built from '2022.3/staging' branch; Version is '2022.3.22f1 (887be4894c44) revision 8944612'; Using compiler version '192829333'; Build Type 'Release'
OS: 'Windows 10  (10.0.19045) 64bit Professional' Language: 'ru' Physical Memory: 16310 MB
BatchMode: 1, IsHumanControllingUs: 0, StartBugReporterOnCrash: 0, Is64bit: 1, IsPro: 1

COMMAND LINE ARGUMENTS:
C:\Program Files\Unity\Hub\Editor\2022.3.22f1\Editor\Unity.exe
-adb2
-batchMode
-noUpm
-name
AssetImportWorker0
-projectPath
E:/git/CCG/My project
-logFile
Logs/AssetImportWorker0.log
-srvPort
51936
Successfully changed project path to: E:/git/CCG/My project
E:/git/CCG/My project
[UnityMemory] Configuration Parameters - Can be set up in boot.config
    "memorysetup-bucket-allocator-granularity=16"
    "memorysetup-bucket-allocator-bucket-count=8"
    "memorysetup-bucket-allocator-block-size=33554432"
    "memorysetup-bucket-allocator-block-count=8"
    "memorysetup-main-allocator-block-size=16777216"
    "memorysetup-thread-allocator-block-size=16777216"
    "memorysetup-gfx-main-allocator-block-size=16777216"
    "memorysetup-gfx-thread-allocator-block-size=16777216"
    "memorysetup-cache-allocator-block-size=4194304"
    "memorysetup-typetree-allocator-block-size=2097152"
    "memorysetup-profiler-bucket-allocator-granularity=16"
    "memorysetup-profiler-bucket-allocator-bucket-count=8"
    "memorysetup-profiler-bucket-allocator-block-size=33554432"
    "memorysetup-profiler-bucket-allocator-block-count=8"
    "memorysetup-profiler-allocator-block-size=16777216"
    "memorysetup-profiler-editor-allocator-block-size=1048576"
    "memorysetup-temp-allocator-size-main=16777216"
    "memorysetup-job-temp-allocator-block-size=2097152"
    "memorysetup-job-temp-allocator-block-size-background=1048576"
    "memorysetup-job-temp-allocator-reduction-small-platforms=262144"
    "memorysetup-allocator-temp-initial-block-size-main=262144"
    "memorysetup-allocator-temp-initial-block-size-worker=262144"
    "memorysetup-temp-allocator-size-background-worker=32768"
    "memorysetup-temp-allocator-size-job-worker=262144"
    "memorysetup-temp-allocator-size-preload-manager=33554432"
    "memorysetup-temp-allocator-size-nav-mesh-worker=65536"
    "memorysetup-temp-allocator-size-audio-worker=65536"
    "memorysetup-temp-allocator-size-cloud-worker=32768"
    "memorysetup-temp-allocator-size-gi-baking-worker=262144"
    "memorysetup-temp-allocator-size-gfx=262144"
Player connection [65868] Host "[IP] 192.168.0.137 [Port] 0 [Flags] 2 [Guid] 3715583571 [EditorId] 3715583571 [Version] 1048832 [Id] WindowsEditor(7,DESKTOP-SKTRVFP) [Debug] 1 [PackageName] WindowsEditor [ProjectName] Editor" joined multi-casting on [225.0.0.222:54997]...

Player connection [65868] Host "[IP] 192.168.0.137 [Port] 0 [Flags] 2 [Guid] 3715583571 [EditorId] 3715583571 [Version] 1048832 [Id] WindowsEditor(7,DESKTOP-SKTRVFP) [Debug] 1 [PackageName] WindowsEditor [ProjectName] Editor" joined alternative multi-casting on [225.0.0.222:34997]...

[Physics::Module] Initialized MultithreadedJobDispatcher with 11 workers.
Refreshing native plugins compatible for Editor in 5.57 ms, found 3 plugins.
Preloading 0 native plugins for Editor in 0.00 ms.
Initialize engine version: 2022.3.22f1 (887be4894c44)
[Subsystems] Discovering subsystems at path C:/Program Files/Unity/Hub/Editor/2022.3.22f1/Editor/Data/Resources/UnitySubsystems
[Subsystems] Discovering subsystems at path E:/git/CCG/My project/Assets
GfxDevice: creating device client; threaded=0; jobified=0
Direct3D:
    Version:  Direct3D 11.0 [level 11.1]
    Renderer: NVIDIA GeForce RTX 3060 (ID=0x2487)
    Vendor:   NVIDIA
    VRAM:     12110 MB
    Driver:   31.0.15.5212
Initialize mono
Mono path[0] = 'C:/Program Files/Unity/Hub/Editor/2022.3.22f1/Editor/Data/Managed'
Mono path[1] = 'C:/Program Files/Unity/Hub/Editor/2022.3.22f1/Editor/Data/MonoBleedingEdge/lib/mono/unityjit-win32'
Mono config path = 'C:/Program Files/Unity/Hub/Editor/2022.3.22f1/Editor/Data/MonoBleedingEdge/etc'
Using monoOptions --debugger-agent=transport=dt_socket,embedding=1,server=y,suspend=n,address=127.0.0.1:56260
Begin MonoManager ReloadAssembly
Registering precompiled unity dll's ...
Register platform support module: C:/Program Files/Unity/Hub/Editor/2022.3.22f1/Editor/Data/PlaybackEngines/WebGLSupport/UnityEditor.WebGL.Extensions.dll
Register platform support module: C:/Program Files/Unity/Hub/Editor/2022.3.22f1/Editor/Data/PlaybackEngines/WindowsStandaloneSupport/UnityEditor.WindowsStandalone.Extensions.dll
Registered in 0.010419 seconds.
- Loaded All Assemblies, in  0.289 seconds
Native extension for WindowsStandalone target not found
Native extension for WebGL target not found
Mono: successfully reloaded assembly
- Finished resetting the current domain, in  0.225 seconds
Domain Reload Profiling: 511ms
	BeginReloadAssembly (92ms)
		ExecutionOrderSort (0ms)
		DisableScriptedObjects (0ms)
		BackupInstance (0ms)
		ReleaseScriptingObjects (0ms)
		CreateAndSetChildDomain (1ms)
	RebuildCommonClasses (25ms)
	RebuildNativeTypeToScriptingClass (8ms)
	initialDomainReloadingComplete (52ms)
	LoadAllAssembliesAndSetupDomain (110ms)
		LoadAssemblies (89ms)
		RebuildTransferFunctionScriptingTraits (0ms)
		AnalyzeDomain (108ms)
			TypeCache.Refresh (107ms)
				TypeCache.ScanAssembly (98ms)
			ScanForSourceGeneratedMonoScriptInfo (0ms)
			ResolveRequiredComponents (0ms)
	FinalizeReload (225ms)
		ReleaseScriptCaches (0ms)
		RebuildScriptCaches (0ms)
		SetupLoadedEditorAssemblies (180ms)
			LogAssemblyErrors (0ms)
			InitializePlatformSupportModulesInManaged (13ms)
			SetLoadedEditorAssemblies (4ms)
			RefreshPlugins (0ms)
			BeforeProcessingInitializeOnLoad (2ms)
			ProcessInitializeOnLoadAttributes (118ms)
			ProcessInitializeOnLoadMethodAttributes (42ms)
			AfterProcessingInitializeOnLoad (0ms)
			EditorAssembliesLoaded (0ms)
		ExecutionOrderSort2 (0ms)
		AwakeInstancesAfterBackupRestoration (0ms)
========================================================================
Worker process is ready to serve import requests
Begin MonoManager ReloadAssembly
- Loaded All Assemblies, in  0.491 seconds
Refreshing native plugins compatible for Editor in 1.66 ms, found 3 plugins.
Native extension for WindowsStandalone target not found
Native extension for WebGL target not found
Package Manager log level set to [2]
[Package Manager] Server::EnsureServerProcessIsRunning -- launch failed, reason: Unity was launched with the -noUpm command-line argument
[Package Manager] UpmClient::Send -- Unable to send message (not connected to UPM process).
[Package Manager] Cannot connect to Unity Package Manager local server
Mono: successfully reloaded assembly
- Finished resetting the current domain, in  0.434 seconds
Domain Reload Profiling: 923ms
	BeginReloadAssembly (140ms)
		ExecutionOrderSort (0ms)
		DisableScriptedObjects (5ms)
		BackupInstance (0ms)
		ReleaseScriptingObjects (0ms)
		CreateAndSetChildDomain (18ms)
	RebuildCommonClasses (32ms)
	RebuildNativeTypeToScriptingClass (8ms)
	initialDomainReloadingComplete (35ms)
	LoadAllAssembliesAndSetupDomain (273ms)
		LoadAssemblies (225ms)
		RebuildTransferFunctionScriptingTraits (0ms)
		AnalyzeDomain (135ms)
			TypeCache.Refresh (117ms)
				TypeCache.ScanAssembly (104ms)
			ScanForSourceGeneratedMonoScriptInfo (12ms)
			ResolveRequiredComponents (4ms)
	FinalizeReload (435ms)
		ReleaseScriptCaches (0ms)
		RebuildScriptCaches (0ms)
		SetupLoadedEditorAssemblies (318ms)
			LogAssemblyErrors (0ms)
			InitializePlatformSupportModulesInManaged (7ms)
			SetLoadedEditorAssemblies (2ms)
			RefreshPlugins (0ms)
			BeforeProcessingInitializeOnLoad (49ms)
			ProcessInitializeOnLoadAttributes (237ms)
			ProcessInitializeOnLoadMethodAttributes (14ms)
			AfterProcessingInitializeOnLoad (9ms)
			EditorAssembliesLoaded (0ms)
		ExecutionOrderSort2 (0ms)
		AwakeInstancesAfterBackupRestoration (5ms)
Launched and connected shader compiler UnityShaderCompiler.exe after 0.04 seconds
Refreshing native plugins compatible for Editor in 1.77 ms, found 3 plugins.
Preloading 0 native plugins for Editor in 0.00 ms.
Unloading 3361 Unused Serialized files (Serialized files now loaded: 0)
Unloading 35 unused Assets / (57.0 KB). Loaded Objects now: 3821.
Memory consumption went from 124.7 MB to 124.7 MB.
Total: 2.325100 ms (FindLiveObjects: 0.209200 ms CreateObjectMapping: 0.073200 ms MarkObjects: 1.964900 ms  DeleteObjects: 0.077000 ms)

AssetImportParameters requested are different than current active one (requested -> active):
  custom:container-demuxer-ogg: 62fdf1f143b41e24485cea50d1cbac27 -> 
  custom:video-decoder-ogg-theora: a1e56fd34408186e4bbccfd4996cb3dc -> 
  custom:framework-win-MediaFoundation: 216162199b28c13a410421893ffa2e32 -> 
  custom:CustomObjectIndexerAttribute: 9a22284fe3817be447336de3de66b15e -> 
  custom:container-demuxer-webm: 4f35f7cbe854078d1ac9338744f61a02 -> 
  custom:container-muxer-webm: aa71ff27fc2769a1b78a27578f13a17b -> 
  custom:video-decoder-webm-vp8: 9c59270c3fd7afecdb556c50c9e8de78 -> 
  custom:SearchIndexIgnoredProperties: e643bd26f0fe6173181afceb89e7c659 -> 
  custom:AudioImporter_EditorPlatform: d09bf68614088b80899f8185d706f6e7 -> 
  custom:video-encoder-webm-vp8: eb34c28f22e8b96e1ab97ce403110664 -> 
  custom:audio-decoder-ogg-vorbis: bf7c407c2cedff20999df2af8eb42d56 -> 
  custom:audio-encoder-webm-vorbis: bf7c407c2cedff20999df2af8eb42d56 -> 
========================================================================
Received Import Request.
  Time since last request: 562870.462761 seconds.
  path: Assets/CCGKit/Core/Scripts
  artifactKey: Guid(922f5ed15c706aa4b8000da9da859c3d) Importer(815301076,1909f56bfc062723c751e8b465ee728b)
Start importing Assets/CCGKit/Core/Scripts using Guid(922f5ed15c706aa4b8000da9da859c3d) Importer(815301076,1909f56bfc062723c751e8b465ee728b)  -> (artifact id: 'e7dbb22e901e3a3cd902a613d3d221a6') in 0.001975 seconds
Number of updated asset objects reloaded before import = 0
Number of asset objects unloaded after import = 0
========================================================================
Received Import Request.
  Time since last request: 0.000017 seconds.
  path: Assets/CCGKit
  artifactKey: Guid(2de249a3c8ec143ef9195ced19586834) Importer(815301076,1909f56bfc062723c751e8b465ee728b)
Start importing Assets/CCGKit using Guid(2de249a3c8ec143ef9195ced19586834) Importer(815301076,1909f56bfc062723c751e8b465ee728b)  -> (artifact id: 'a6ebe76ea9875e63d195a6fa4914eb16') in 0.000216 seconds
Number of updated asset objects reloaded before import = 0
Number of asset objects unloaded after import = 0
========================================================================
Received Import Request.
  Time since last request: 2.143993 seconds.
  path: Assets/CCGKit/Core/Scripts/Foundation
  artifactKey: Guid(4c363defe2938864b8d6d30bf7718f18) Importer(815301076,1909f56bfc062723c751e8b465ee728b)
Start importing Assets/CCGKit/Core/Scripts/Foundation using Guid(4c363defe2938864b8d6d30bf7718f18) Importer(815301076,1909f56bfc062723c751e8b465ee728b)  -> (artifact id: 'c97b5f29c60bdb7c681a3feba9f82a6f') in 0.000309 seconds
Number of updated asset objects reloaded before import = 0
Number of asset objects unloaded after import = 0
========================================================================
Received Import Request.
  Time since last request: 5.197320 seconds.
  path: Assets/CCGKit/Core/Scripts/Foundation/ConditionOperator.cs
  artifactKey: Guid(ffcabfdb0b0bb53408058e9f953214d5) Importer(815301076,1909f56bfc062723c751e8b465ee728b)
Start importing Assets/CCGKit/Core/Scripts/Foundation/ConditionOperator.cs using Guid(ffcabfdb0b0bb53408058e9f953214d5) Importer(815301076,1909f56bfc062723c751e8b465ee728b)  -> (artifact id: '15e3ae4455e44bd2b879e22a05cda936') in 0.000362 seconds
Number of updated asset objects reloaded before import = 0
Number of asset objects unloaded after import = 0
========================================================================
Received Import Request.
  Time since last request: 2.148143 seconds.
  path: Assets/CCGKit/Core/Scripts/Foundation/DefinitionStat.cs
  artifactKey: Guid(64582b0e93e20b648a429ede924bfd55) Importer(815301076,1909f56bfc062723c751e8b465ee728b)
Start importing Assets/CCGKit/Core/Scripts/Foundation/DefinitionStat.cs using Guid(64582b0e93e20b648a429ede924bfd55) Importer(815301076,1909f56bfc062723c751e8b465ee728b)  -> (artifact id: 'a10fb2bea554f79ee8eaf4061ee282f4') in 0.000319 seconds
Number of updated asset objects reloaded before import = 0
Number of asset objects unloaded after import = 0
========================================================================
Received Import Request.
  Time since last request: 1.280377 seconds.
  path: Assets/CCGKit/Core/Scripts/Foundation/DestroyCardCondition.cs
  artifactKey: Guid(986642d856de97a4b809b6c11269d1be) Importer(815301076,1909f56bfc062723c751e8b465ee728b)
Start importing Assets/CCGKit/Core/Scripts/Foundation/DestroyCardCondition.cs using Guid(986642d856de97a4b809b6c11269d1be) Importer(815301076,1909f56bfc062723c751e8b465ee728b)  -> (artifact id: 'fe38f381334693b8b980c776e41119e0') in 0.000317 seconds
Number of updated asset objects reloaded before import = 0
Number of asset objects unloaded after import = 0
========================================================================
Received Import Request.
  Time since last request: 39.838135 seconds.
  path: Assets/CCGKit/Core/Scripts/Editor
  artifactKey: Guid(e677e32f8f40fe24f8bccfec5096f6a9) Importer(815301076,1909f56bfc062723c751e8b465ee728b)
Start importing Assets/CCGKit/Core/Scripts/Editor using Guid(e677e32f8f40fe24f8bccfec5096f6a9) Importer(815301076,1909f56bfc062723c751e8b465ee728b)  -> (artifact id: 'daefbe0b0668c8e1ab1f2d3276489e48') in 0.000319 seconds
Number of updated asset objects reloaded before import = 0
Number of asset objects unloaded after import = 0
========================================================================
Received Import Request.
  Time since last request: 7.834963 seconds.
  path: Assets/CCGKit/Core/Scripts/Foundation/Cost.cs
  artifactKey: Guid(a5f2242854243b844a18d92276678a29) Importer(815301076,1909f56bfc062723c751e8b465ee728b)
Start importing Assets/CCGKit/Core/Scripts/Foundation/Cost.cs using Guid(a5f2242854243b844a18d92276678a29) Importer(815301076,1909f56bfc062723c751e8b465ee728b)  -> (artifact id: 'a9ea337dc96d2e44eaf38a7ed16d353e') in 0.000364 seconds
Number of updated asset objects reloaded before import = 0
Number of asset objects unloaded after import = 0
========================================================================
Received Import Request.
  Time since last request: 2.864676 seconds.
  path: Assets/CCGKit/Core/Scripts/Foundation/Deck.cs
  artifactKey: Guid(a22b49cbb86b30b4c898c77591de8b98) Importer(815301076,1909f56bfc062723c751e8b465ee728b)
Start importing Assets/CCGKit/Core/Scripts/Foundation/Deck.cs using Guid(a22b49cbb86b30b4c898c77591de8b98) Importer(815301076,1909f56bfc062723c751e8b465ee728b)  -> (artifact id: '6f200651fe549a3c88f7643d9e3a2348') in 0.000317 seconds
Number of updated asset objects reloaded before import = 0
Number of asset objects unloaded after import = 0
========================================================================
Received Import Request.
  Time since last request: 1.186041 seconds.
  path: Assets/CCGKit/Core/Scripts/Foundation/CardType.cs
  artifactKey: Guid(1a7b46da81b4ddf438d5653093d799cc) Importer(815301076,1909f56bfc062723c751e8b465ee728b)
Start importing Assets/CCGKit/Core/Scripts/Foundation/CardType.cs using Guid(1a7b46da81b4ddf438d5653093d799cc) Importer(815301076,1909f56bfc062723c751e8b465ee728b)  -> (artifact id: 'd8ffd1fc9486d3a49c5673837cd97a43') in 0.000311 seconds
Number of updated asset objects reloaded before import = 0
Number of asset objects unloaded after import = 0
========================================================================
Received Import Request.
  Time since last request: 1.385811 seconds.
  path: Assets/CCGKit/Core/Scripts/Foundation/CardSet.cs
  artifactKey: Guid(320ffe209d218784bab8ed342c4e1637) Importer(815301076,1909f56bfc062723c751e8b465ee728b)
Start importing Assets/CCGKit/Core/Scripts/Foundation/CardSet.cs using Guid(320ffe209d218784bab8ed342c4e1637) Importer(815301076,1909f56bfc062723c751e8b465ee728b)  -> (artifact id: '0d6a7679a0daea9c80e7b8551520d2fb') in 0.000351 seconds
Number of updated asset objects reloaded before import = 0
Number of asset objects unloaded after import = 0
